C:\USERS\ILYA\DOCUMENTS\VISUAL STUDIO 2012\PROJECTS\MANIPULATION\MANIPULATION\DEBUG\MANIPULATION.PCH
C:\USERS\ILYA\DOCUMENTS\VISUAL STUDIO 2012\PROJECTS\MANIPULATION\MANIPULATION\DEBUG\STDAFX.OBJ
C:\USERS\ILYA\DOCUMENTS\VISUAL STUDIO 2012\PROJECTS\MANIPULATION\MANIPULATION\DEBUG\VC110.PDB
C:\USERS\ILYA\DOCUMENTS\VISUAL STUDIO 2012\PROJECTS\MANIPULATION\MANIPULATION\DEBUG\MANIPULATION.OBJ
C:\USERS\ILYA\DOCUMENTS\VISUAL STUDIO 2012\PROJECTS\MANIPULATION\MANIPULATION\DEBUG\MANIPULATIONDLG.OBJ
C:\USERS\ILYA\DOCUMENTS\VISUAL STUDIO 2012\PROJECTS\MANIPULATION\DEBUG\MANIPULATION.ILK
C:\USERS\ILYA\DOCUMENTS\VISUAL STUDIO 2012\PROJECTS\MANIPULATION\DEBUG\MANIPULATION.EXE
C:\USERS\ILYA\DOCUMENTS\VISUAL STUDIO 2012\PROJECTS\MANIPULATION\DEBUG\MANIPULATION.PDB
C:\USERS\ILYA\DOCUMENTS\VISUAL STUDIO 2012\PROJECTS\MANIPULATION\MANIPULATION\DEBUG\MANIPULATION.RES
c:\Users\Ilya\documents\visual studio 2012\Projects\Manipulation\Manipulation\Debug\Manipulation.obj
c:\Users\Ilya\documents\visual studio 2012\Projects\Manipulation\Manipulation\Debug\ManipulationDlg.obj
c:\Users\Ilya\documents\visual studio 2012\Projects\Manipulation\Manipulation\Debug\stdafx.obj
c:\Users\Ilya\documents\visual studio 2012\Projects\Manipulation\Manipulation\Debug\cl.command.1.tlog
c:\Users\Ilya\documents\visual studio 2012\Projects\Manipulation\Manipulation\Debug\CL.read.1.tlog
c:\Users\Ilya\documents\visual studio 2012\Projects\Manipulation\Manipulation\Debug\CL.write.1.tlog
c:\Users\Ilya\documents\visual studio 2012\Projects\Manipulation\Manipulation\Debug\link-cvtres.read.1.tlog
c:\Users\Ilya\documents\visual studio 2012\Projects\Manipulation\Manipulation\Debug\link-cvtres.write.1.tlog
c:\Users\Ilya\documents\visual studio 2012\Projects\Manipulation\Manipulation\Debug\link-mt.read.1.tlog
c:\Users\Ilya\documents\visual studio 2012\Projects\Manipulation\Manipulation\Debug\link-mt.write.1.tlog
c:\Users\Ilya\documents\visual studio 2012\Projects\Manipulation\Manipulation\Debug\link-rc.read.1.tlog
c:\Users\Ilya\documents\visual studio 2012\Projects\Manipulation\Manipulation\Debug\link-rc.write.1.tlog
c:\Users\Ilya\documents\visual studio 2012\Projects\Manipulation\Manipulation\Debug\link.5660-cvtres.read.1.tlog
c:\Users\Ilya\documents\visual studio 2012\Projects\Manipulation\Manipulation\Debug\link.5660-cvtres.write.1.tlog
c:\Users\Ilya\documents\visual studio 2012\Projects\Manipulation\Manipulation\Debug\link.5660-mt.read.1.tlog
c:\Users\Ilya\documents\visual studio 2012\Projects\Manipulation\Manipulation\Debug\link.5660-mt.write.1.tlog
c:\Users\Ilya\documents\visual studio 2012\Projects\Manipulation\Manipulation\Debug\link.5660-rc.read.1.tlog
c:\Users\Ilya\documents\visual studio 2012\Projects\Manipulation\Manipulation\Debug\link.5660-rc.write.1.tlog
c:\Users\Ilya\documents\visual studio 2012\Projects\Manipulation\Manipulation\Debug\link.5660.read.1.tlog
c:\Users\Ilya\documents\visual studio 2012\Projects\Manipulation\Manipulation\Debug\link.5660.write.1.tlog
c:\Users\Ilya\documents\visual studio 2012\Projects\Manipulation\Manipulation\Debug\link.command.1.tlog
c:\Users\Ilya\documents\visual studio 2012\Projects\Manipulation\Manipulation\Debug\link.read.1.tlog
c:\Users\Ilya\documents\visual studio 2012\Projects\Manipulation\Manipulation\Debug\link.write.1.tlog
c:\Users\Ilya\documents\visual studio 2012\Projects\Manipulation\Manipulation\Debug\rc.command.1.tlog
c:\Users\Ilya\documents\visual studio 2012\Projects\Manipulation\Manipulation\Debug\rc.read.1.tlog
c:\Users\Ilya\documents\visual studio 2012\Projects\Manipulation\Manipulation\Debug\rc.write.1.tlog
c:\Users\Ilya\documents\visual studio 2012\Projects\Manipulation\Manipulation\Debug\Manipulation.res
c:\Users\Ilya\documents\visual studio 2012\Projects\Manipulation\Manipulation\Debug\Manipulation.pch
c:\Users\Ilya\documents\visual studio 2012\Projects\Manipulation\Manipulation\Debug\vc110.idb
c:\Users\Ilya\documents\visual studio 2012\Projects\Manipulation\Manipulation\Debug\vc110.pdb
c:\users\ilya\documents\visual studio 2012\Projects\Manipulation\Debug\Manipulation.pdb
c:\users\ilya\documents\visual studio 2012\Projects\Manipulation\Debug\Manipulation.exe
c:\users\ilya\documents\visual studio 2012\Projects\Manipulation\Debug\Manipulation.ilk
